<?xml version="1.0" encoding="UTF-8"?>
<!-- Generated by org.testng.reporters.JUnitReportReporter -->
<testsuite hostname="DESKTOP-QVFBHBJ" name="testCases.TestLoginPage" tests="1" failures="0" timestamp="18 Sep 2017 06:20:33 GMT" time="26.349" errors="0">
  <testcase name="verifyLogin" time="26.349" classname="testCases.TestLoginPage"/>
</testsuite> <!-- testCases.TestLoginPage -->
