<?xml version="1.0" encoding="UTF-8"?>
<!-- Generated by org.testng.reporters.JUnitReportReporter -->
<testsuite hostname="DESKTOP-QVFBHBJ" name="testCases.VerifyLoginPageTitle" tests="1" failures="0" timestamp="12 Sep 2017 10:42:46 GMT" time="12.499" errors="0">
  <testcase name="verifyLoginPageTitle1" time="12.499" classname="testCases.VerifyLoginPageTitle"/>
</testsuite> <!-- testCases.VerifyLoginPageTitle -->
