<?xml version="1.0" encoding="UTF-8"?>
<!-- Generated by org.testng.reporters.JUnitReportReporter -->
<testsuite hostname="DESKTOP-QVFBHBJ" name="testCases.TestLoginWithReportAndScreenshot" tests="1" failures="0" timestamp="12 Sep 2017 11:19:12 GMT" time="23.798" errors="0">
  <testcase name="verifyLogin" time="23.798" classname="testCases.TestLoginWithReportAndScreenshot"/>
</testsuite> <!-- testCases.TestLoginWithReportAndScreenshot -->
