<?xml version="1.0" encoding="UTF-8"?>
<!-- Generated by org.testng.reporters.JUnitReportReporter -->
<testsuite hostname="DESKTOP-QVFBHBJ" name="testCases.TestLoginWithReport" tests="1" failures="0" timestamp="12 Sep 2017 10:39:03 GMT" time="21.698" errors="0">
  <testcase name="verifyLogin" time="21.698" classname="testCases.TestLoginWithReport"/>
</testsuite> <!-- testCases.TestLoginWithReport -->
